<?xml version="1.0" encoding="UTF-8"?>
<!-- Generated by org.testng.reporters.JUnitReportReporter -->
<testsuite hostname="SAIKUMAR" failures="0" tests="1" name="satr.SatClassTest" time="0.001" errors="0" timestamp="2022-08-14T04:51:45 IST" skipped="0">
  <testcase classname="satr.SatClassTest" name="getData" time="0.001"/>
  <system-out/>
</testsuite> <!-- satr.SatClassTest -->
