<?xml version="1.0" encoding="UTF-8"?>
<!-- Generated by org.testng.reporters.JUnitReportReporter -->
<testsuite hostname="SAIKUMAR" failures="0" tests="1" name="satr.SatClassTest" time="0.000" errors="0" timestamp="2022-08-13T15:40:23 IST" skipped="0">
  <testcase classname="satr.SatClassTest" name="getData" time="0.000"/>
  <system-out/>
</testsuite> <!-- satr.SatClassTest -->
