<?xml version="1.0" encoding="UTF-8"?>
<!-- Generated by org.testng.reporters.JUnitReportReporter -->
<testsuite hostname="SAIKUMAR" failures="0" tests="1" name="MavenProject.SubMavenProject.NewClassTest" time="0.007" errors="0" timestamp="2022-08-13T15:40:23 IST" skipped="0">
  <testcase classname="MavenProject.SubMavenProject.NewClassTest" name="method1" time="0.007"/>
  <system-out/>
</testsuite> <!-- MavenProject.SubMavenProject.NewClassTest -->
